balala
*   dc9d34a Merge branch 'node_7' into node_6
|\  
| *   d0a571a Merge branch 'node_5' into node_3
| |\  
| | * 424697d meatball at position5.
* | |   93933fc Merge branch 'node_3' into node_4
|\ \ \  
| |/ /  
| * |   78883b2 Merge branch 'node_1' into node_2
| |\ \  
| | |/  
| | * 9c9491b meatball at position1.
* | | ecb1e84 meatball at position4.
|/ /  
* | 31266c0 meatball at position2.
|/  
* eea7bb9 meatball at position0

rz729
*   dc9d34a Merge branch 'node_7' into node_6
|\  
| *   d0a571a Merge branch 'node_5' into node_3
| |\  
| | * 424697d meatball at position5.
* | |   93933fc Merge branch 'node_3' into node_4
|\ \ \  
| |/ /  
| * |   78883b2 Merge branch 'node_1' into node_2
| |\ \  
| | |/  
| | * 9c9491b meatball at position1.
* | | ecb1e84 meatball at position4.
|/ /  
* | 31266c0 meatball at position2.
|/  
* eea7bb9 meatball at position0
